<?xml version="1.0" encoding="UTF-8"?>
<testng-results skipped="0" failed="0" ignored="1" total="2" passed="1">
  <reporter-output>
  </reporter-output>
  <suite name="Suite" duration-ms="45" started-at="2018-11-17T19:23:15Z" finished-at="2018-11-17T19:23:15Z">
    <groups>
    </groups>
    <test name="Test" duration-ms="45" started-at="2018-11-17T19:23:15Z" finished-at="2018-11-17T19:23:15Z">
      <class name="package1.AssertStmt">
        <test-method status="PASS" signature="positiveDigit()[pri:0, instance:package1.AssertStmt@445b84c0]" name="positiveDigit" duration-ms="10" started-at="2018-11-17T19:23:15Z" finished-at="2018-11-17T19:23:15Z">
          <reporter-output>
          </reporter-output>
        </test-method> <!-- positiveDigit -->
      </class> <!-- package1.AssertStmt -->
    </test> <!-- Test -->
  </suite> <!-- Suite -->
</testng-results>
